Using pre-set license
Built from '2020.3/release' branch; Version is '2020.3.2f1 (8fd9074bf66c) revision 9427207'; Using compiler version '192528614'; Build Type 'Release'
OS: 'Windows 10 Home; OS build 19041.985; Version 2004; 64bit' Language: 'en' Physical Memory: 16286 MB
BatchMode: 1, IsHumanControllingUs: 0, StartBugReporterOnCrash: 0, Is64bit: 1, IsPro: 0

 COMMAND LINE ARGUMENTS:
C:\Program Files\Unity\Hub\Editor\2020.3.2f1\Editor\Unity.exe
-adb2
-batchMode
-noUpm
-name
AssetImportWorker0
-projectPath
D:/Arcaoid Master
-logFile
Logs/AssetImportWorker0.log
-srvPort
57972
Successfully changed project path to: D:/Arcaoid Master
D:/Arcaoid Master
Using Asset Import Pipeline V2.
Refreshing native plugins compatible for Editor in 67.22 ms, found 1 plugins.
Preloading 0 native plugins for Editor in 0.00 ms.
Initialize engine version: 2020.3.2f1 (8fd9074bf66c)
[Subsystems] Discovering subsystems at path C:/Program Files/Unity/Hub/Editor/2020.3.2f1/Editor/Data/Resources/UnitySubsystems
[Subsystems] Discovering subsystems at path D:/Arcaoid Master/Assets
GfxDevice: creating device client; threaded=0
Direct3D:
    Version:  Direct3D 11.0 [level 11.1]
    Renderer: NVIDIA GeForce GTX 1070 with Max-Q Design (ID=0x1ba1)
    Vendor:   
    VRAM:     8082 MB
    Driver:   27.21.14.5167
Initialize mono
Mono path[0] = 'C:/Program Files/Unity/Hub/Editor/2020.3.2f1/Editor/Data/Managed'
Mono path[1] = 'C:/Program Files/Unity/Hub/Editor/2020.3.2f1/Editor/Data/MonoBleedingEdge/lib/mono/unityjit'
Mono config path = 'C:/Program Files/Unity/Hub/Editor/2020.3.2f1/Editor/Data/MonoBleedingEdge/etc'
Using monoOptions --debugger-agent=transport=dt_socket,embedding=1,server=y,suspend=n,address=127.0.0.1:56376
Begin MonoManager ReloadAssembly
Registering precompiled unity dll's ...
Register platform support module: C:/Program Files/Unity/Hub/Editor/2020.3.2f1/Editor/Data/PlaybackEngines/WindowsStandaloneSupport/UnityEditor.WindowsStandalone.Extensions.dll
Registered in 0.003516 seconds.
Native extension for WindowsStandalone target not found
Refreshing native plugins compatible for Editor in 58.65 ms, found 1 plugins.
Preloading 0 native plugins for Editor in 0.00 ms.
Invoked RoslynAnalysisRunner static constructor.
RoslynAnalysisRunner will not be running.
RoslynAnalysisRunner has terminated.
Mono: successfully reloaded assembly
- Completed reload, in  2.918 seconds
Platform modules already initialized, skipping
Registering precompiled user dll's ...
Registered in 0.004524 seconds.
Begin MonoManager ReloadAssembly
Native extension for WindowsStandalone target not found
Refreshing native plugins compatible for Editor in 56.43 ms, found 1 plugins.
Preloading 0 native plugins for Editor in 0.00 ms.
Invoked RoslynAnalysisRunner static constructor.
RoslynAnalysisRunner will not be running.
RoslynAnalysisRunner has terminated.
Mono: successfully reloaded assembly
- Completed reload, in  1.580 seconds
Platform modules already initialized, skipping
========================================================================
Worker process is ready to serve import requests
Launched and connected shader compiler UnityShaderCompiler.exe after 0.08 seconds
Refreshing native plugins compatible for Editor in 0.81 ms, found 1 plugins.
Preloading 0 native plugins for Editor in 0.00 ms.
Unloading 1772 Unused Serialized files (Serialized files now loaded: 0)
System memory in use before: 83.9 MB.
System memory in use after: 84.0 MB.

Unloading 40 unused Assets to reduce memory usage. Loaded Objects now: 2191.
Total: 2.834700 ms (FindLiveObjects: 0.239900 ms CreateObjectMapping: 0.099300 ms MarkObjects: 2.448500 ms  DeleteObjects: 0.046000 ms)

========================================================================
Received Import Request.
  path: Assets/Scripts
  artifactKey: Guid(435e67a823d232e49b21f356bc1eb239) Importer(815301076,1909f56bfc062723c751e8b465ee728b)
Start importing Assets/Scripts using Guid(435e67a823d232e49b21f356bc1eb239) Importer(815301076,1909f56bfc062723c751e8b465ee728b)  -> (artifact id: 'c98836d877cbd287abd440d028c2452d') in 0.020320 seconds
  Import took 0.156867 seconds .

========================================================================
Received Import Request.
  Time since last request: 6.434366 seconds.
  path: Assets/Plugins/iOS
  artifactKey: Guid(c1dbbe864cc84734eb0b919d566f84f0) Importer(815301076,1909f56bfc062723c751e8b465ee728b)
Start importing Assets/Plugins/iOS using Guid(c1dbbe864cc84734eb0b919d566f84f0) Importer(815301076,1909f56bfc062723c751e8b465ee728b)  -> (artifact id: 'e493e372997f503ee91433c74a7d5466') in 0.021281 seconds
  Import took 0.025665 seconds .

========================================================================
Received Import Request.
  Time since last request: 3.732578 seconds.
  path: Assets/Plugins/iOS/bitcode
  artifactKey: Guid(26c48bb8e05fdd14a8093d14f48ce631) Importer(815301076,1909f56bfc062723c751e8b465ee728b)
Start importing Assets/Plugins/iOS/bitcode using Guid(26c48bb8e05fdd14a8093d14f48ce631) Importer(815301076,1909f56bfc062723c751e8b465ee728b)  -> (artifact id: 'af01c9c670da87a1ceb5dd9e924f297d') in 0.020708 seconds
  Import took 0.024676 seconds .

========================================================================
Received Import Request.
  Time since last request: 13.985384 seconds.
  path: Assets/Plugins/iOS/PlayerPrefsAutoSync.mm
  artifactKey: Guid(e7fb46a05f79845c1b600b6c72469741) Importer(815301076,1909f56bfc062723c751e8b465ee728b)
Start importing Assets/Plugins/iOS/PlayerPrefsAutoSync.mm using Guid(e7fb46a05f79845c1b600b6c72469741) Importer(815301076,1909f56bfc062723c751e8b465ee728b)  -> (artifact id: 'd1eecbdd01734eb0f25198e5f2b6f371') in 0.070062 seconds
  Import took 0.074015 seconds .

========================================================================
Received Import Request.
  Time since last request: 0.006234 seconds.
  path: Assets/Plugins/iOS/PlayerPrefsAutoSync.mm
  artifactKey: Guid(e7fb46a05f79845c1b600b6c72469741) Importer(815301076,1909f56bfc062723c751e8b465ee728b)
Start importing Assets/Plugins/iOS/PlayerPrefsAutoSync.mm using Guid(e7fb46a05f79845c1b600b6c72469741) Importer(815301076,1909f56bfc062723c751e8b465ee728b)  -> (artifact id: 'd1eecbdd01734eb0f25198e5f2b6f371') in 0.012148 seconds
  Import took 0.147458 seconds .

========================================================================
Received Import Request.
  Time since last request: 3.610083 seconds.
  path: Assets/Plugins/iOS/README_PlayerPrefsAutoSync.txt
  artifactKey: Guid(58a8b7e9264584c9280e1b037b92f97f) Importer(815301076,1909f56bfc062723c751e8b465ee728b)
Start importing Assets/Plugins/iOS/README_PlayerPrefsAutoSync.txt using Guid(58a8b7e9264584c9280e1b037b92f97f) Importer(815301076,1909f56bfc062723c751e8b465ee728b)  -> (artifact id: '4109759d1b5e003471ed922eb9e3c4e8') in 0.025664 seconds
  Import took 0.029754 seconds .

========================================================================
Received Import Request.
  Time since last request: 37.413872 seconds.
  path: Assets/Plugins/Android
  artifactKey: Guid(940594a43be6f2444983b83a01042f5a) Importer(815301076,1909f56bfc062723c751e8b465ee728b)
Start importing Assets/Plugins/Android using Guid(940594a43be6f2444983b83a01042f5a) Importer(815301076,1909f56bfc062723c751e8b465ee728b)  -> (artifact id: 'c8215d9ea13a0ad95e7342f36c40bf33') in 0.022544 seconds
  Import took 0.026578 seconds .

========================================================================
Received Import Request.
  Time since last request: 1.439321 seconds.
  path: Assets/Plugins/Android/libs
  artifactKey: Guid(c43aecf8261b1c448b96fbf5af0ec40a) Importer(815301076,1909f56bfc062723c751e8b465ee728b)
Start importing Assets/Plugins/Android/libs using Guid(c43aecf8261b1c448b96fbf5af0ec40a) Importer(815301076,1909f56bfc062723c751e8b465ee728b)  -> (artifact id: '9df5008b3828ea70721098b46c5ec8a9') in 0.019102 seconds
  Import took 0.022923 seconds .

========================================================================
Received Import Request.
  Time since last request: 3.883083 seconds.
  path: Assets/StreamingAssets
  artifactKey: Guid(006e982144b7e444c93edfbdf9c8daea) Importer(815301076,1909f56bfc062723c751e8b465ee728b)
Start importing Assets/StreamingAssets using Guid(006e982144b7e444c93edfbdf9c8daea) Importer(815301076,1909f56bfc062723c751e8b465ee728b)  -> (artifact id: 'ab72b685b60a932933707d74109959f1') in 0.064419 seconds
  Import took 0.068543 seconds .

========================================================================
Received Import Request.
  Time since last request: 86.368028 seconds.
  path: Assets/Fonts
  artifactKey: Guid(c35673f26a4218a4783da8dbe80583f1) Importer(815301076,1909f56bfc062723c751e8b465ee728b)
Start importing Assets/Fonts using Guid(c35673f26a4218a4783da8dbe80583f1) Importer(815301076,1909f56bfc062723c751e8b465ee728b)  -> (artifact id: '04fb03d8d022f930d32934f0e2e787b5') in 0.022892 seconds
  Import took 0.027851 seconds .

========================================================================
Received Import Request.
  Time since last request: 1.819657 seconds.
  path: Assets/Shader
  artifactKey: Guid(d90e9a3b2ad24eb428e4c7ba0fbe6853) Importer(815301076,1909f56bfc062723c751e8b465ee728b)
Start importing Assets/Shader using Guid(d90e9a3b2ad24eb428e4c7ba0fbe6853) Importer(815301076,1909f56bfc062723c751e8b465ee728b)  -> (artifact id: 'b68347aac6741b97e64c111b67d309ad') in 0.019887 seconds
  Import took 0.057553 seconds .

========================================================================
Received Import Request.
  Time since last request: 8.994989 seconds.
  path: Assets/NativeAudio
  artifactKey: Guid(534db99d6d4db441b9690204ce44e4c3) Importer(815301076,1909f56bfc062723c751e8b465ee728b)
Start importing Assets/NativeAudio using Guid(534db99d6d4db441b9690204ce44e4c3) Importer(815301076,1909f56bfc062723c751e8b465ee728b)  -> (artifact id: '913967657ee9fccfa9ae3238096239f0') in 0.020085 seconds
  Import took 0.025169 seconds .

========================================================================
Received Import Request.
  Time since last request: 0.000696 seconds.
  path: Assets/NativeAudio
  artifactKey: Guid(534db99d6d4db441b9690204ce44e4c3) Importer(815301076,1909f56bfc062723c751e8b465ee728b)
Start importing Assets/NativeAudio using Guid(534db99d6d4db441b9690204ce44e4c3) Importer(815301076,1909f56bfc062723c751e8b465ee728b)  -> (artifact id: '913967657ee9fccfa9ae3238096239f0') in 0.012521 seconds
  Import took 0.016437 seconds .

========================================================================
Received Import Request.
  Time since last request: 43.259971 seconds.
  path: Assets/scalelane.cs
  artifactKey: Guid(5671fc8ccf9b6a94893c492bcf553957) Importer(815301076,1909f56bfc062723c751e8b465ee728b)
Start importing Assets/scalelane.cs using Guid(5671fc8ccf9b6a94893c492bcf553957) Importer(815301076,1909f56bfc062723c751e8b465ee728b)  -> (artifact id: 'e8f822e9e03b2b3933328a8b7466d6bc') in 0.036858 seconds
  Import took 0.129176 seconds .

========================================================================
Received Import Request.
  Time since last request: 138.938982 seconds.
  path: Assets/Plugins/libzipw.bundle
  artifactKey: Guid(7fc3a5313453ec442ba80acfeb1ac11b) Importer(815301076,1909f56bfc062723c751e8b465ee728b)
Start importing Assets/Plugins/libzipw.bundle using Guid(7fc3a5313453ec442ba80acfeb1ac11b) Importer(815301076,1909f56bfc062723c751e8b465ee728b)  -> (artifact id: '0cf3318ed4e21a0655d61457aa81786c') in 0.021969 seconds
  Import took 0.026428 seconds .

========================================================================
Received Import Request.
  Time since last request: 0.006210 seconds.
  path: Assets/Plugins/libzipw.bundle
  artifactKey: Guid(7fc3a5313453ec442ba80acfeb1ac11b) Importer(815301076,1909f56bfc062723c751e8b465ee728b)
Start importing Assets/Plugins/libzipw.bundle using Guid(7fc3a5313453ec442ba80acfeb1ac11b) Importer(815301076,1909f56bfc062723c751e8b465ee728b)  -> (artifact id: '0cf3318ed4e21a0655d61457aa81786c') in 0.011676 seconds
  Import took 0.015657 seconds .

========================================================================
Received Import Request.
  Time since last request: 3.810875 seconds.
  path: Assets/Plugins/libzipw.bundle/Contents
  artifactKey: Guid(04d8ca552ec3a804a914dde3943cc148) Importer(815301076,1909f56bfc062723c751e8b465ee728b)
Start importing Assets/Plugins/libzipw.bundle/Contents using Guid(04d8ca552ec3a804a914dde3943cc148) Importer(815301076,1909f56bfc062723c751e8b465ee728b)  -> (artifact id: '884e8349a9e7c28ed2096189b9b04efa') in 0.056234 seconds
  Import took 0.187761 seconds .

========================================================================
Received Import Request.
  Time since last request: 60.070311 seconds.
  path: Assets/Plugins/libzipw.bundle-32bit.zip
  artifactKey: Guid(0c38aba1b8a89e74894d6721d1413590) Importer(815301076,1909f56bfc062723c751e8b465ee728b)
Start importing Assets/Plugins/libzipw.bundle-32bit.zip using Guid(0c38aba1b8a89e74894d6721d1413590) Importer(815301076,1909f56bfc062723c751e8b465ee728b)  -> (artifact id: 'abe40eb74fef7e3bfff438bacc3d818e') in 0.031576 seconds
  Import took 0.035968 seconds .

========================================================================
Received Import Request.
  Time since last request: 4.618079 seconds.
  path: Assets/Plugins/lzip.cs
  artifactKey: Guid(fc37654099986b948b1124e11f534ef5) Importer(815301076,1909f56bfc062723c751e8b465ee728b)
Start importing Assets/Plugins/lzip.cs using Guid(fc37654099986b948b1124e11f534ef5) Importer(815301076,1909f56bfc062723c751e8b465ee728b)  -> (artifact id: 'e2fbe2f3ec4044570180833d36dc288f') in 0.016872 seconds
  Import took 0.060156 seconds .

========================================================================
Received Import Request.
  Time since last request: 0.000732 seconds.
  path: Assets/Plugins/lzip.cs
  artifactKey: Guid(fc37654099986b948b1124e11f534ef5) Importer(815301076,1909f56bfc062723c751e8b465ee728b)
Start importing Assets/Plugins/lzip.cs using Guid(fc37654099986b948b1124e11f534ef5) Importer(815301076,1909f56bfc062723c751e8b465ee728b)  -> (artifact id: 'e2fbe2f3ec4044570180833d36dc288f') in 0.013038 seconds
  Import took 0.016820 seconds .

========================================================================
Received Import Request.
  Time since last request: 8.049423 seconds.
  path: Assets/Plugins/WebGL
  artifactKey: Guid(a76d65dc02e88284b9153c61dab05fea) Importer(815301076,1909f56bfc062723c751e8b465ee728b)
Start importing Assets/Plugins/WebGL using Guid(a76d65dc02e88284b9153c61dab05fea) Importer(815301076,1909f56bfc062723c751e8b465ee728b)  -> (artifact id: '09fbb46e0bc8f6078ade5aa3269da1fd') in 0.018442 seconds
  Import took 0.281085 seconds .

========================================================================
Received Import Request.
  Time since last request: 12.005347 seconds.
  path: Assets/Plugins/x86
  artifactKey: Guid(a4aabde8510241a42bf5e43fe303a897) Importer(815301076,1909f56bfc062723c751e8b465ee728b)
Start importing Assets/Plugins/x86 using Guid(a4aabde8510241a42bf5e43fe303a897) Importer(815301076,1909f56bfc062723c751e8b465ee728b)  -> (artifact id: 'bb0fb1716a8ecdbc6a3f0f3db7efde17') in 0.040097 seconds
  Import took 0.103495 seconds .

========================================================================
Received Import Request.
  Time since last request: 23.497163 seconds.
  path: Assets/Plugins/x86_64
  artifactKey: Guid(bfa780335cf589644a31c5bf779a3ed9) Importer(815301076,1909f56bfc062723c751e8b465ee728b)
Start importing Assets/Plugins/x86_64 using Guid(bfa780335cf589644a31c5bf779a3ed9) Importer(815301076,1909f56bfc062723c751e8b465ee728b)  -> (artifact id: '438b053dde54fc971038d459d65c790a') in 0.021030 seconds
  Import took 0.026819 seconds .

========================================================================
Received Import Request.
  Time since last request: 16.080238 seconds.
  path: Assets/Plugins/NAudio.xml
  artifactKey: Guid(282216f4ba0ad9a4c93df2b253a82755) Importer(815301076,1909f56bfc062723c751e8b465ee728b)
Start importing Assets/Plugins/NAudio.xml using Guid(282216f4ba0ad9a4c93df2b253a82755) Importer(815301076,1909f56bfc062723c751e8b465ee728b)  -> (artifact id: '0cdd6c9eb400c395482746b2892c39a5') in 0.031159 seconds
  Import took 0.035351 seconds .

========================================================================
Received Import Request.
  Time since last request: 0.001889 seconds.
  path: Assets/Plugins/NAudio.xml
  artifactKey: Guid(282216f4ba0ad9a4c93df2b253a82755) Importer(815301076,1909f56bfc062723c751e8b465ee728b)
Start importing Assets/Plugins/NAudio.xml using Guid(282216f4ba0ad9a4c93df2b253a82755) Importer(815301076,1909f56bfc062723c751e8b465ee728b)  -> (artifact id: '0cdd6c9eb400c395482746b2892c39a5') in 0.013437 seconds
  Import took 0.017730 seconds .

========================================================================
Received Import Request.
  Time since last request: 41.840743 seconds.
  path: Assets/Plugins/Newtonsoft.Json.dll
  artifactKey: Guid(0cae7fcbf6e0c2340994545a721eb505) Importer(815301076,1909f56bfc062723c751e8b465ee728b)
Start importing Assets/Plugins/Newtonsoft.Json.dll using Guid(0cae7fcbf6e0c2340994545a721eb505) Importer(815301076,1909f56bfc062723c751e8b465ee728b)  -> (artifact id: 'eb7a57fbe9c88cc277bc091b6a7c77b6') in 0.120694 seconds
  Import took 0.165938 seconds .

========================================================================
Received Import Request.
  Time since last request: 0.977472 seconds.
  path: Assets/Plugins/Newtonsoft.Json.xml
  artifactKey: Guid(a5fe378060efe204dbc15f672cf9520a) Importer(815301076,1909f56bfc062723c751e8b465ee728b)
Start importing Assets/Plugins/Newtonsoft.Json.xml using Guid(a5fe378060efe204dbc15f672cf9520a) Importer(815301076,1909f56bfc062723c751e8b465ee728b)  -> (artifact id: 'd76c567720ed853d1a822b8d57280e12') in 0.013513 seconds
  Import took 0.018437 seconds .

========================================================================
Received Import Request.
  Time since last request: 3.323983 seconds.
  path: Assets/Plugins/NAudio.dll
  artifactKey: Guid(8cfcab7786512694d80f9a20105ba385) Importer(815301076,1909f56bfc062723c751e8b465ee728b)
Start importing Assets/Plugins/NAudio.dll using Guid(8cfcab7786512694d80f9a20105ba385) Importer(815301076,1909f56bfc062723c751e8b465ee728b)  -> (artifact id: '4fb9903819aeb18c8f9ed4a404ab3222') in 0.011962 seconds
  Import took 0.162224 seconds .

AssetImportWorkerClient::OnTransportError - code=2 error=End of file
