
=== Thu Jan 10 13:15:04 2019

Packages were changed.
Update Mode: updateDependencies

The following packages were added:
  com.unity.collab-proxy@1.2.15
The following packages were updated:
  com.unity.ads from version 2.0.8 to 2.3.1
  com.unity.analytics from version 2.0.16 to 3.2.2
  com.unity.package-manager-ui from version 1.9.11 to 2.0.3
  com.unity.textmeshpro from version 1.2.4 to 1.3.0

=== Thu Apr  4 10:42:46 2019

Packages were changed.
Update Mode: updateDependencies

The following packages were updated:
  com.unity.package-manager-ui from version 2.0.3 to 2.0.7

=== Wed Apr 17 17:03:56 2019

Packages were changed.
Update Mode: updateDependencies

The following packages were added:
  com.unity.timeline@1.0.0
  com.unity.multiplayer-hlapi@1.0.2
  com.unity.xr.legacyinputhelpers@2.0.2
The following packages were updated:
  com.unity.analytics from version 3.2.2 to 3.3.2
  com.unity.collab-proxy from version 1.2.15 to 1.2.16
  com.unity.package-manager-ui from version 2.0.7 to 2.1.2
  com.unity.purchasing from version 2.0.3 to 2.0.6
  com.unity.textmeshpro from version 1.3.0 to 2.0.0

=== Sun May  5 12:17:28 2019

Packages were changed.
Update Mode: updateDependencies

The following packages were added:
  com.unity.2d.tilemap@1.0.0
  com.unity.ext.nunit@1.0.0
  com.unity.test-framework@1.0.11
  com.unity.2d.sprite@1.0.0
  com.unity.ide.vscode@1.0.3
  com.unity.ide.visualstudio@1.0.3
  com.unity.ide.rider@1.0.2
  com.unity.modules.androidjni@1.0.0
The following packages were updated:
  com.unity.package-manager-ui from version 2.1.2 to 2.2.0

=== Sat May 18 11:48:56 2019

Packages were changed.
Update Mode: updateDependencies

The following packages were updated:
  com.unity.ide.rider from version 1.0.2 to 1.0.4
  com.unity.ide.visualstudio from version 1.0.3 to 1.0.5
  com.unity.ide.vscode from version 1.0.3 to 1.0.4
  com.unity.test-framework from version 1.0.11 to 1.0.12
  com.unity.timeline from version 1.0.0 to 1.1.0

=== Sun May 26 22:38:05 2019

Packages were changed.
Update Mode: resetToDefaultDependencies

The following packages were added:
  com.unity.ads@2.0.8
The following packages were updated:
  com.unity.textmeshpro from version 2.0.0 to 2.0.1
  com.unity.package-manager-ui from version 2.2.0 to 2.1.2
  com.unity.timeline from version 1.1.0 to 1.0.0
The following packages were removed:
  com.unity.2d.sprite@1.0.0
  com.unity.2d.tilemap@1.0.0
  com.unity.ext.nunit@1.0.0
  com.unity.ide.rider@1.0.4
  com.unity.ide.visualstudio@1.0.5
  com.unity.ide.vscode@1.0.4
  com.unity.multiplayer-hlapi@1.0.2
  com.unity.test-framework@1.0.12
  com.unity.xr.legacyinputhelpers@2.0.2
  com.unity.modules.androidjni@1.0.0

=== Mon May 27 14:49:07 2019

Packages were changed.
Update Mode: updateDependencies

The following packages were added:
  com.unity.2d.tilemap@1.0.0
  com.unity.ext.nunit@1.0.0
  com.unity.test-framework@1.0.13
  com.unity.2d.sprite@1.0.0
  com.unity.ide.vscode@1.0.4
  com.unity.ide.visualstudio@1.0.5
  com.unity.ide.rider@1.0.4
  com.unity.ugui@1.0.0
  com.unity.modules.androidjni@1.0.0
The following packages were updated:
  com.unity.package-manager-ui from version 2.1.2 to 2.2.0
  com.unity.timeline from version 1.0.0 to 1.1.0

=== Mon May 27 15:48:02 2019

Packages were changed.
Update Mode: resetToDefaultDependencies

The following packages were updated:
  com.unity.textmeshpro from version 2.0.1 to 2.0.0
The following packages were removed:
  com.unity.2d.sprite@1.0.0
  com.unity.2d.tilemap@1.0.0

=== Tue Jun 25 00:40:50 2019

Packages were changed.
Update Mode: updateDependencies

The following packages were removed:
  com.unity.package-manager-ui@2.2.0

=== Sun Oct 27 13:33:51 2019

Packages were changed.
Update Mode: updateDependencies

The following packages were updated:
  com.unity.ide.vscode from version 1.0.7 to 1.1.2
  com.unity.test-framework from version 1.0.13 to 1.1.3
  com.unity.timeline from version 1.1.0 to 1.2.4

=== Sun Nov 10 10:51:19 2019

Packages were changed.
Update Mode: updateDependencies

The following packages were updated:
  com.unity.timeline from version 1.2.4 to 1.2.6

=== Sat Jul 18 17:51:29 2020

Packages were changed.
Update Mode: updateDependencies

The following packages were updated:
  com.unity.ide.vscode from version 1.1.2 to 1.2.1
  com.unity.test-framework from version 1.1.3 to 1.1.14

=== Mon Mar 15 06:29:49 2021

Packages were changed.
Update Mode: updateDependencies

The following packages were updated:
  com.unity.ext.nunit from version 1.0.0 to 1.0.6
  com.unity.ide.vscode from version 1.2.1 to 1.2.3
  com.unity.test-framework from version 1.1.14 to 1.1.22
  com.unity.timeline from version 1.2.6 to 1.2.18

=== Tue Mar 30 23:04:56 2021

Packages were changed.
Update Mode: updateDependencies

The following packages were updated:
  com.unity.collab-proxy from version 1.2.16 to 1.3.9
  com.unity.ide.visualstudio from version 1.0.11 to 2.0.7
  com.unity.test-framework from version 1.1.22 to 1.1.24
  com.unity.textmeshpro from version 2.0.1 to 3.0.1
  com.unity.timeline from version 1.2.18 to 1.4.6
